[debug] [2020-03-30T19:43:04.764Z] ----------------------------------------------------------------------
[debug] [2020-03-30T19:43:04.766Z] Command:       /usr/local/bin/node /usr/local/bin/firebase init
[debug] [2020-03-30T19:43:04.766Z] CLI Version:   7.15.1
[debug] [2020-03-30T19:43:04.766Z] Platform:      linux
[debug] [2020-03-30T19:43:04.766Z] Node Version:  v10.16.0
[debug] [2020-03-30T19:43:04.767Z] Time:          Mon Mar 30 2020 21:43:04 GMT+0200 (Central European Summer Time)
[debug] [2020-03-30T19:43:04.767Z] ----------------------------------------------------------------------
[debug] [2020-03-30T19:43:04.767Z] 
[debug] [2020-03-30T19:43:04.771Z] > command requires scopes: ["email","openid","https://www.googleapis.com/auth/cloudplatformprojects.readonly","https://www.googleapis.com/auth/firebase","https://www.googleapis.com/auth/cloud-platform"]
[debug] [2020-03-30T19:43:04.772Z] > authorizing via signed-in user
[info] 
     ######## #### ########  ######## ########     ###     ######  ########
     ##        ##  ##     ## ##       ##     ##  ##   ##  ##       ##
     ######    ##  ########  ######   ########  #########  ######  ######
     ##        ##  ##    ##  ##       ##     ## ##     ##       ## ##
     ##       #### ##     ## ######## ########  ##     ##  ######  ########

You're about to initialize a Firebase project in this directory:

  /home/shuo/code/frontend/react/googlebye

[info] 
=== Project Setup
[info] 
[info] First, let's associate this project directory with a Firebase project.
[info] You can create multiple project aliases by running firebase use --add, 
[info] but for now we'll just set up a default project.
[info] 
[debug] [2020-03-30T19:44:00.729Z] TypeError: Cannot read property 'setRawMode' of null
    at ReadStream.setRawMode (tty.js:69:28)
    at Interface._setRawMode (readline.js:269:16)
    at Interface.close (readline.js:394:10)
    at ReadStream.ontermend (readline.js:180:10)
    at ReadStream.emit (events.js:203:15)
    at ReadStream.EventEmitter.emit (domain.js:448:20)
    at endReadableNT (_stream_readable.js:1129:12)
    at process._tickCallback (internal/process/next_tick.js:63:19)
